[14-Jul-2021 04:52:13 Europe/Berlin] 
            <tr>
                <td> <span class="Usuario">Luis</span></td>
                <td> <span class="Nombre">Luis</span> </td>
                <td> <span class="Nombre">Miguel</span> </td>
                <td> <span class="Apellido">Pineda</span> </td>
                <td> <span class="Apellido">Joseph</span> </td>
                <td> <span class="Accion">
                    <button type="button" class="btn btn-outline-primary btn-sm">Realizar préstamo</button>
                </span> </td>
            </tr>
[14-Jul-2021 04:52:18 Europe/Berlin] APP::construct-> No existe el controlador especificado
[14-Jul-2021 04:52:18 Europe/Berlin] APP::construct-> 
[14-Jul-2021 04:52:18 Europe/Berlin] 
            <tr>
                <td> <span class="Usuario">Luis</span></td>
                <td> <span class="Nombre">Luis</span> </td>
                <td> <span class="Nombre">Miguel</span> </td>
                <td> <span class="Apellido">Pineda</span> </td>
                <td> <span class="Apellido">Joseph</span> </td>
                <td> <span class="Accion">
                    <button type="button" class="btn btn-outline-primary btn-sm">Realizar préstamo</button>
                </span> </td>
            </tr>
